TN:
SF:app.js
FNF:0
FNH:0
DA:1,1
DA:2,1
DA:3,1
DA:4,1
DA:5,1
DA:6,1
DA:7,1
DA:11,1
DA:15,1
DA:16,1
DA:17,1
DA:20,1
DA:23,1
DA:24,1
DA:26,1
LF:15
LH:15
BRF:0
BRH:0
end_of_record
TN:
SF:controllers\loanControllers.js
FNF:0
FNH:0
DA:1,1
DA:2,1
DA:3,1
DA:4,1
DA:5,1
DA:7,1
DA:8,1
DA:9,1
DA:10,1
DA:13,1
DA:15,1
DA:17,1
DA:19,1
DA:21,1
LF:14
LH:14
BRF:0
BRH:0
end_of_record
TN:
SF:controllers\swagger.js
FNF:0
FNH:0
DA:1,1
DA:2,1
DA:3,1
DA:5,1
DA:6,1
DA:8,1
DA:10,1
DA:27,1
DA:28,1
DA:139,1
LF:10
LH:10
BRF:0
BRH:0
end_of_record
TN:
SF:database\connection.js
FN:11,(anonymous_0)
FN:12,(anonymous_1)
FNF:2
FNH:0
FNDA:0,(anonymous_0)
FNDA:0,(anonymous_1)
DA:1,1
DA:2,1
DA:3,1
DA:6,1
DA:11,0
DA:12,0
LF:6
LH:4
BRF:0
BRH:0
end_of_record
TN:
SF:models\loan.js
FNF:0
FNH:0
DA:1,1
DA:3,1
DA:42,1
LF:3
LH:3
BRF:0
BRH:0
end_of_record
TN:
SF:services\loanService.js
FN:5,(anonymous_0)
FN:16,(anonymous_1)
FN:25,(anonymous_2)
FNF:3
FNH:0
FNDA:0,(anonymous_0)
FNDA:0,(anonymous_1)
FNDA:0,(anonymous_2)
DA:1,1
DA:2,1
DA:5,1
DA:6,0
DA:7,0
DA:15,0
DA:16,0
DA:19,0
DA:22,0
DA:25,1
DA:27,0
DA:35,0
DA:37,0
DA:38,0
DA:46,0
DA:51,0
DA:52,0
LF:17
LH:4
BRDA:15,0,0,0
BRDA:15,0,1,0
BRDA:29,1,0,0
BRF:3
BRH:0
end_of_record
TN:
SF:services\updateService.js
FN:5,(anonymous_0)
FN:8,(anonymous_1)
FN:13,(anonymous_2)
FN:23,(anonymous_3)
FN:28,(anonymous_4)
FN:33,(anonymous_5)
FN:46,(anonymous_6)
FN:58,(anonymous_7)
FN:63,(anonymous_8)
FNF:9
FNH:0
FNDA:0,(anonymous_0)
FNDA:0,(anonymous_1)
FNDA:0,(anonymous_2)
FNDA:0,(anonymous_3)
FNDA:0,(anonymous_4)
FNDA:0,(anonymous_5)
FNDA:0,(anonymous_6)
FNDA:0,(anonymous_7)
FNDA:0,(anonymous_8)
DA:1,1
DA:2,1
DA:5,1
DA:6,0
DA:7,0
DA:9,0
DA:14,0
DA:15,0
DA:23,1
DA:24,0
DA:25,0
DA:29,0
DA:34,0
DA:39,0
DA:46,1
DA:47,0
DA:59,0
DA:64,0
DA:65,0
LF:19
LH:5
BRF:0
BRH:0
end_of_record
