{"C:\\BankSystem\\BankSystem\\UserService\\app.js": {"path":"C:\\BankSystem\\BankSystem\\UserService\\app.js","statementMap":{"0":{"start":{"line":1,"column":16},"end":{"line":1,"column":34}},"1":{"start":{"line":3,"column":15},"end":{"line":3,"column":33}},"2":{"start":{"line":4,"column":0},"end":{"line":4,"column":33}},"3":{"start":{"line":5,"column":19},"end":{"line":5,"column":41}},"4":{"start":{"line":6,"column":24},"end":{"line":6,"column":64}},"5":{"start":{"line":8,"column":16},"end":{"line":8,"column":48}},"6":{"start":{"line":9,"column":21},"end":{"line":9,"column":45}},"7":{"start":{"line":10,"column":14},"end":{"line":10,"column":32}},"8":{"start":{"line":11,"column":12},"end":{"line":11,"column":21}},"9":{"start":{"line":12,"column":15},"end":{"line":12,"column":23}},"10":{"start":{"line":16,"column":11},"end":{"line":16,"column":15}},"11":{"start":{"line":21,"column":0},"end":{"line":21,"column":34}},"12":{"start":{"line":22,"column":0},"end":{"line":22,"column":24}},"13":{"start":{"line":23,"column":0},"end":{"line":23,"column":24}},"14":{"start":{"line":26,"column":0},"end":{"line":26,"column":75}},"15":{"start":{"line":29,"column":0},"end":{"line":29,"column":25}},"16":{"start":{"line":30,"column":0},"end":{"line":30,"column":17}},"17":{"start":{"line":32,"column":0},"end":{"line":32,"column":19}}},"fnMap":{},"branchMap":{},"s":{"0":1,"1":1,"2":1,"3":1,"4":1,"5":1,"6":1,"7":1,"8":1,"9":1,"10":1,"11":1,"12":1,"13":1,"14":1,"15":1,"16":1,"17":1},"f":{},"b":{},"_coverageSchema":"1a1c01bbd47fc00a2c39e90264f33305004495a9","hash":"2f11694af43111f8e1e83136f427c177f162447a"}
,"C:\\BankSystem\\BankSystem\\UserService\\Controllers\\swagger.js": {"path":"C:\\BankSystem\\BankSystem\\UserService\\Controllers\\swagger.js","statementMap":{"0":{"start":{"line":1,"column":17},"end":{"line":1,"column":35}},"1":{"start":{"line":2,"column":11},"end":{"line":2,"column":20}},"2":{"start":{"line":3,"column":15},"end":{"line":3,"column":33}},"3":{"start":{"line":5,"column":22},"end":{"line":5,"column":46}},"4":{"start":{"line":6,"column":19},"end":{"line":6,"column":48}},"5":{"start":{"line":8,"column":16},"end":{"line":8,"column":24}},"6":{"start":{"line":10,"column":24},"end":{"line":26,"column":4}},"7":{"start":{"line":27,"column":23},"end":{"line":27,"column":51}},"8":{"start":{"line":28,"column":3},"end":{"line":28,"column":79}},"9":{"start":{"line":224,"column":1},"end":{"line":224,"column":23}}},"fnMap":{},"branchMap":{},"s":{"0":1,"1":1,"2":1,"3":1,"4":1,"5":1,"6":1,"7":1,"8":1,"9":1},"f":{},"b":{},"_coverageSchema":"1a1c01bbd47fc00a2c39e90264f33305004495a9","hash":"4a7c3f21d753a5041c9b38d7f961341a744b1ef9"}
,"C:\\BankSystem\\BankSystem\\UserService\\Controllers\\userControllers.js": {"path":"C:\\BankSystem\\BankSystem\\UserService\\Controllers\\userControllers.js","statementMap":{"0":{"start":{"line":1,"column":15},"end":{"line":1,"column":33}},"1":{"start":{"line":2,"column":16},"end":{"line":2,"column":34}},"2":{"start":{"line":3,"column":21},"end":{"line":3,"column":55}},"3":{"start":{"line":4,"column":23},"end":{"line":4,"column":59}},"4":{"start":{"line":5,"column":22},"end":{"line":5,"column":51}},"5":{"start":{"line":7,"column":13},"end":{"line":7,"column":21}},"6":{"start":{"line":9,"column":0},"end":{"line":9,"column":50}},"7":{"start":{"line":11,"column":0},"end":{"line":11,"column":48}},"8":{"start":{"line":13,"column":0},"end":{"line":13,"column":60}},"9":{"start":{"line":15,"column":0},"end":{"line":15,"column":60}},"10":{"start":{"line":17,"column":0},"end":{"line":17,"column":66}},"11":{"start":{"line":19,"column":0},"end":{"line":19,"column":69}},"12":{"start":{"line":21,"column":0},"end":{"line":21,"column":22}}},"fnMap":{},"branchMap":{},"s":{"0":1,"1":1,"2":1,"3":1,"4":1,"5":1,"6":1,"7":1,"8":1,"9":1,"10":1,"11":1,"12":1},"f":{},"b":{},"_coverageSchema":"1a1c01bbd47fc00a2c39e90264f33305004495a9","hash":"3deee8c2e5e29e77bf1b67f2e7da749b61f43b25"}
,"C:\\BankSystem\\BankSystem\\UserService\\database\\connection.js": {"path":"C:\\BankSystem\\BankSystem\\UserService\\database\\connection.js","statementMap":{"0":{"start":{"line":1,"column":17},"end":{"line":1,"column":36}},"1":{"start":{"line":2,"column":14},"end":{"line":2,"column":32}},"2":{"start":{"line":3,"column":0},"end":{"line":3,"column":40}},"3":{"start":{"line":6,"column":0},"end":{"line":12,"column":63}},"4":{"start":{"line":11,"column":20},"end":{"line":11,"column":67}},"5":{"start":{"line":12,"column":18},"end":{"line":12,"column":61}}},"fnMap":{"0":{"name":"(anonymous_0)","decl":{"start":{"line":11,"column":8},"end":{"line":11,"column":9}},"loc":{"start":{"line":11,"column":20},"end":{"line":11,"column":67}},"line":11},"1":{"name":"(anonymous_1)","decl":{"start":{"line":12,"column":9},"end":{"line":12,"column":10}},"loc":{"start":{"line":12,"column":18},"end":{"line":12,"column":61}},"line":12}},"branchMap":{},"s":{"0":1,"1":1,"2":1,"3":1,"4":1,"5":0},"f":{"0":1,"1":0},"b":{},"_coverageSchema":"1a1c01bbd47fc00a2c39e90264f33305004495a9","hash":"fcb45e32a2a861cb215308e54a6158d6370dbd7f"}
,"C:\\BankSystem\\BankSystem\\UserService\\middleware\\auth.js": {"path":"C:\\BankSystem\\BankSystem\\UserService\\middleware\\auth.js","statementMap":{"0":{"start":{"line":1,"column":11},"end":{"line":1,"column":34}},"1":{"start":{"line":2,"column":14},"end":{"line":2,"column":33}},"2":{"start":{"line":3,"column":13},"end":{"line":3,"column":38}},"3":{"start":{"line":6,"column":18},"end":{"line":28,"column":1}},"4":{"start":{"line":8,"column":16},"end":{"line":8,"column":31}},"5":{"start":{"line":11,"column":4},"end":{"line":27,"column":5}},"6":{"start":{"line":12,"column":8},"end":{"line":21,"column":11}},"7":{"start":{"line":13,"column":12},"end":{"line":20,"column":13}},"8":{"start":{"line":14,"column":16},"end":{"line":16,"column":18}},"9":{"start":{"line":19,"column":16},"end":{"line":19,"column":23}},"10":{"start":{"line":24,"column":8},"end":{"line":26,"column":10}},"11":{"start":{"line":52,"column":0},"end":{"line":52,"column":29}}},"fnMap":{"0":{"name":"(anonymous_0)","decl":{"start":{"line":6,"column":18},"end":{"line":6,"column":19}},"loc":{"start":{"line":6,"column":34},"end":{"line":28,"column":1}},"line":6},"1":{"name":"(anonymous_1)","decl":{"start":{"line":12,"column":58},"end":{"line":12,"column":59}},"loc":{"start":{"line":12,"column":78},"end":{"line":21,"column":9}},"line":12}},"branchMap":{"0":{"loc":{"start":{"line":11,"column":4},"end":{"line":27,"column":5}},"type":"if","locations":[{"start":{"line":11,"column":4},"end":{"line":27,"column":5}},{"start":{"line":11,"column":4},"end":{"line":27,"column":5}}],"line":11},"1":{"loc":{"start":{"line":13,"column":12},"end":{"line":20,"column":13}},"type":"if","locations":[{"start":{"line":13,"column":12},"end":{"line":20,"column":13}},{"start":{"line":13,"column":12},"end":{"line":20,"column":13}}],"line":13}},"s":{"0":1,"1":1,"2":1,"3":1,"4":9,"5":9,"6":5,"7":5,"8":1,"9":4,"10":4,"11":1},"f":{"0":9,"1":5},"b":{"0":[5,4],"1":[1,4]},"_coverageSchema":"1a1c01bbd47fc00a2c39e90264f33305004495a9","hash":"1d3a3cb50153c3ba4cd6641b39a1ddd69c6004a6"}
,"C:\\BankSystem\\BankSystem\\UserService\\models\\User.js": {"path":"C:\\BankSystem\\BankSystem\\UserService\\models\\User.js","statementMap":{"0":{"start":{"line":1,"column":17},"end":{"line":1,"column":36}},"1":{"start":{"line":4,"column":4},"end":{"line":4,"column":24}},"2":{"start":{"line":5,"column":15},"end":{"line":5,"column":32}},"3":{"start":{"line":7,"column":19},"end":{"line":59,"column":2}},"4":{"start":{"line":62,"column":0},"end":{"line":65,"column":2}},"5":{"start":{"line":63,"column":4},"end":{"line":63,"column":53}},"6":{"start":{"line":64,"column":4},"end":{"line":64,"column":11}},"7":{"start":{"line":68,"column":0},"end":{"line":72,"column":2}},"8":{"start":{"line":69,"column":17},"end":{"line":69,"column":39}},"9":{"start":{"line":70,"column":4},"end":{"line":70,"column":59}},"10":{"start":{"line":71,"column":4},"end":{"line":71,"column":11}},"11":{"start":{"line":75,"column":0},"end":{"line":90,"column":1}},"12":{"start":{"line":76,"column":17},"end":{"line":78,"column":6}},"13":{"start":{"line":79,"column":4},"end":{"line":88,"column":5}},"14":{"start":{"line":80,"column":21},"end":{"line":80,"column":66}},"15":{"start":{"line":81,"column":8},"end":{"line":85,"column":9}},"16":{"start":{"line":82,"column":12},"end":{"line":82,"column":24}},"17":{"start":{"line":84,"column":12},"end":{"line":84,"column":49}},"18":{"start":{"line":87,"column":8},"end":{"line":87,"column":42}},"19":{"start":{"line":92,"column":13},"end":{"line":92,"column":47}},"20":{"start":{"line":93,"column":0},"end":{"line":93,"column":22}}},"fnMap":{"0":{"name":"(anonymous_0)","decl":{"start":{"line":62,"column":24},"end":{"line":62,"column":25}},"loc":{"start":{"line":62,"column":45},"end":{"line":65,"column":1}},"line":62},"1":{"name":"(anonymous_1)","decl":{"start":{"line":68,"column":23},"end":{"line":68,"column":24}},"loc":{"start":{"line":68,"column":45},"end":{"line":72,"column":1}},"line":68},"2":{"name":"(anonymous_2)","decl":{"start":{"line":75,"column":27},"end":{"line":75,"column":28}},"loc":{"start":{"line":75,"column":60},"end":{"line":90,"column":1}},"line":75}},"branchMap":{"0":{"loc":{"start":{"line":79,"column":4},"end":{"line":88,"column":5}},"type":"if","locations":[{"start":{"line":79,"column":4},"end":{"line":88,"column":5}},{"start":{"line":79,"column":4},"end":{"line":88,"column":5}}],"line":79},"1":{"loc":{"start":{"line":81,"column":8},"end":{"line":85,"column":9}},"type":"if","locations":[{"start":{"line":81,"column":8},"end":{"line":85,"column":9}},{"start":{"line":81,"column":8},"end":{"line":85,"column":9}}],"line":81}},"s":{"0":1,"1":1,"2":1,"3":1,"4":1,"5":0,"6":0,"7":1,"8":1,"9":1,"10":1,"11":1,"12":25,"13":25,"14":21,"15":20,"16":19,"17":1,"18":4,"19":1,"20":1},"f":{"0":0,"1":1,"2":25},"b":{"0":[21,4],"1":[19,1]},"_coverageSchema":"1a1c01bbd47fc00a2c39e90264f33305004495a9","hash":"d70371492697d7b41c641b2d0eaadc658fbee460"}
,"C:\\BankSystem\\BankSystem\\UserService\\services\\updateService.js": {"path":"C:\\BankSystem\\BankSystem\\UserService\\services\\updateService.js","statementMap":{"0":{"start":{"line":1,"column":13},"end":{"line":1,"column":38}},"1":{"start":{"line":2,"column":15},"end":{"line":2,"column":32}},"2":{"start":{"line":3,"column":18},"end":{"line":3,"column":39}},"3":{"start":{"line":7,"column":0},"end":{"line":28,"column":1}},"4":{"start":{"line":8,"column":8},"end":{"line":27,"column":9}},"5":{"start":{"line":9,"column":33},"end":{"line":9,"column":59}},"6":{"start":{"line":10,"column":12},"end":{"line":21,"column":14}},"7":{"start":{"line":12,"column":16},"end":{"line":14,"column":19}},"8":{"start":{"line":17,"column":16},"end":{"line":17,"column":33}},"9":{"start":{"line":18,"column":16},"end":{"line":20,"column":18}},"10":{"start":{"line":23,"column":27},"end":{"line":23,"column":44}},"11":{"start":{"line":24,"column":12},"end":{"line":26,"column":14}},"12":{"start":{"line":31,"column":0},"end":{"line":45,"column":1}},"13":{"start":{"line":32,"column":4},"end":{"line":44,"column":10}},"14":{"start":{"line":36,"column":12},"end":{"line":38,"column":14}},"15":{"start":{"line":41,"column":12},"end":{"line":43,"column":14}},"16":{"start":{"line":48,"column":0},"end":{"line":92,"column":1}},"17":{"start":{"line":49,"column":4},"end":{"line":91,"column":5}},"18":{"start":{"line":50,"column":29},"end":{"line":50,"column":55}},"19":{"start":{"line":51,"column":8},"end":{"line":51,"column":36}},"20":{"start":{"line":52,"column":8},"end":{"line":86,"column":10}},"21":{"start":{"line":53,"column":12},"end":{"line":84,"column":13}},"22":{"start":{"line":54,"column":16},"end":{"line":56,"column":18}},"23":{"start":{"line":58,"column":16},"end":{"line":83,"column":22}},"24":{"start":{"line":74,"column":24},"end":{"line":76,"column":26}},"25":{"start":{"line":79,"column":24},"end":{"line":79,"column":41}},"26":{"start":{"line":80,"column":24},"end":{"line":82,"column":26}},"27":{"start":{"line":88,"column":8},"end":{"line":90,"column":10}}},"fnMap":{"0":{"name":"(anonymous_0)","decl":{"start":{"line":7,"column":25},"end":{"line":7,"column":26}},"loc":{"start":{"line":7,"column":45},"end":{"line":28,"column":1}},"line":7},"1":{"name":"(anonymous_1)","decl":{"start":{"line":11,"column":18},"end":{"line":11,"column":19}},"loc":{"start":{"line":11,"column":28},"end":{"line":15,"column":13}},"line":11},"2":{"name":"(anonymous_2)","decl":{"start":{"line":16,"column":19},"end":{"line":16,"column":20}},"loc":{"start":{"line":16,"column":26},"end":{"line":21,"column":13}},"line":16},"3":{"name":"(anonymous_3)","decl":{"start":{"line":31,"column":28},"end":{"line":31,"column":29}},"loc":{"start":{"line":31,"column":48},"end":{"line":45,"column":1}},"line":31},"4":{"name":"(anonymous_4)","decl":{"start":{"line":35,"column":14},"end":{"line":35,"column":15}},"loc":{"start":{"line":35,"column":24},"end":{"line":39,"column":9}},"line":35},"5":{"name":"(anonymous_5)","decl":{"start":{"line":40,"column":15},"end":{"line":40,"column":16}},"loc":{"start":{"line":40,"column":22},"end":{"line":44,"column":9}},"line":40},"6":{"name":"(anonymous_6)","decl":{"start":{"line":48,"column":28},"end":{"line":48,"column":29}},"loc":{"start":{"line":48,"column":48},"end":{"line":92,"column":1}},"line":48},"7":{"name":"(anonymous_7)","decl":{"start":{"line":52,"column":43},"end":{"line":52,"column":44}},"loc":{"start":{"line":52,"column":58},"end":{"line":86,"column":9}},"line":52},"8":{"name":"(anonymous_8)","decl":{"start":{"line":73,"column":26},"end":{"line":73,"column":27}},"loc":{"start":{"line":73,"column":36},"end":{"line":77,"column":21}},"line":73},"9":{"name":"(anonymous_9)","decl":{"start":{"line":78,"column":27},"end":{"line":78,"column":28}},"loc":{"start":{"line":78,"column":34},"end":{"line":83,"column":21}},"line":78}},"branchMap":{"0":{"loc":{"start":{"line":53,"column":12},"end":{"line":84,"column":13}},"type":"if","locations":[{"start":{"line":53,"column":12},"end":{"line":84,"column":13}},{"start":{"line":53,"column":12},"end":{"line":84,"column":13}}],"line":53}},"s":{"0":1,"1":1,"2":1,"3":1,"4":1,"5":1,"6":1,"7":1,"8":0,"9":0,"10":0,"11":0,"12":1,"13":1,"14":1,"15":0,"16":1,"17":1,"18":1,"19":1,"20":1,"21":1,"22":0,"23":1,"24":1,"25":0,"26":0,"27":0},"f":{"0":1,"1":1,"2":0,"3":1,"4":1,"5":0,"6":1,"7":1,"8":1,"9":0},"b":{"0":[0,1]},"_coverageSchema":"1a1c01bbd47fc00a2c39e90264f33305004495a9","hash":"a12930a910114ea53f65d4014a9d1daad8161241"}
,"C:\\BankSystem\\BankSystem\\UserService\\services\\userService.js": {"path":"C:\\BankSystem\\BankSystem\\UserService\\services\\userService.js","statementMap":{"0":{"start":{"line":1,"column":13},"end":{"line":1,"column":38}},"1":{"start":{"line":2,"column":12},"end":{"line":2,"column":35}},"2":{"start":{"line":3,"column":14},"end":{"line":3,"column":33}},"3":{"start":{"line":4,"column":19},"end":{"line":4,"column":41}},"4":{"start":{"line":8,"column":21},"end":{"line":52,"column":1}},"5":{"start":{"line":9,"column":4},"end":{"line":9,"column":39}},"6":{"start":{"line":10,"column":17},"end":{"line":22,"column":5}},"7":{"start":{"line":25,"column":4},"end":{"line":27,"column":5}},"8":{"start":{"line":26,"column":8},"end":{"line":26,"column":44}},"9":{"start":{"line":30,"column":5},"end":{"line":32,"column":6}},"10":{"start":{"line":31,"column":8},"end":{"line":31,"column":45}},"11":{"start":{"line":35,"column":4},"end":{"line":40,"column":5}},"12":{"start":{"line":36,"column":9},"end":{"line":36,"column":59}},"13":{"start":{"line":37,"column":9},"end":{"line":37,"column":59}},"14":{"start":{"line":38,"column":9},"end":{"line":38,"column":47}},"15":{"start":{"line":39,"column":9},"end":{"line":39,"column":23}},"16":{"start":{"line":43,"column":4},"end":{"line":49,"column":5}},"17":{"start":{"line":44,"column":8},"end":{"line":48,"column":11}},"18":{"start":{"line":47,"column":12},"end":{"line":47,"column":57}},"19":{"start":{"line":51,"column":4},"end":{"line":51,"column":18}},"20":{"start":{"line":54,"column":15},"end":{"line":54,"column":31}},"21":{"start":{"line":55,"column":20},"end":{"line":61,"column":1}},"22":{"start":{"line":56,"column":4},"end":{"line":60,"column":7}},"23":{"start":{"line":63,"column":0},"end":{"line":65,"column":1}},"24":{"start":{"line":64,"column":4},"end":{"line":64,"column":25}},"25":{"start":{"line":67,"column":0},"end":{"line":108,"column":1}},"26":{"start":{"line":80,"column":8},"end":{"line":80,"column":16}},"27":{"start":{"line":82,"column":4},"end":{"line":107,"column":5}},"28":{"start":{"line":83,"column":21},"end":{"line":95,"column":10}},"29":{"start":{"line":98,"column":8},"end":{"line":101,"column":11}},"30":{"start":{"line":103,"column":23},"end":{"line":103,"column":40}},"31":{"start":{"line":104,"column":8},"end":{"line":106,"column":11}},"32":{"start":{"line":110,"column":0},"end":{"line":113,"column":1}},"33":{"start":{"line":112,"column":4},"end":{"line":112,"column":24}},"34":{"start":{"line":115,"column":0},"end":{"line":131,"column":1}},"35":{"start":{"line":119,"column":8},"end":{"line":119,"column":16}},"36":{"start":{"line":121,"column":4},"end":{"line":130,"column":5}},"37":{"start":{"line":122,"column":19},"end":{"line":122,"column":51}},"38":{"start":{"line":123,"column":22},"end":{"line":123,"column":43}},"39":{"start":{"line":124,"column":8},"end":{"line":124,"column":76}},"40":{"start":{"line":125,"column":8},"end":{"line":125,"column":90}},"41":{"start":{"line":128,"column":21},"end":{"line":128,"column":38}},"42":{"start":{"line":129,"column":8},"end":{"line":129,"column":39}},"43":{"start":{"line":133,"column":0},"end":{"line":136,"column":3}},"44":{"start":{"line":134,"column":4},"end":{"line":134,"column":40}},"45":{"start":{"line":135,"column":4},"end":{"line":135,"column":56}}},"fnMap":{"0":{"name":"(anonymous_0)","decl":{"start":{"line":8,"column":21},"end":{"line":8,"column":22}},"loc":{"start":{"line":8,"column":30},"end":{"line":52,"column":1}},"line":8},"1":{"name":"(anonymous_1)","decl":{"start":{"line":44,"column":42},"end":{"line":44,"column":43}},"loc":{"start":{"line":46,"column":14},"end":{"line":48,"column":9}},"line":46},"2":{"name":"(anonymous_2)","decl":{"start":{"line":55,"column":20},"end":{"line":55,"column":21}},"loc":{"start":{"line":55,"column":28},"end":{"line":61,"column":1}},"line":55},"3":{"name":"(anonymous_3)","decl":{"start":{"line":63,"column":28},"end":{"line":63,"column":29}},"loc":{"start":{"line":63,"column":42},"end":{"line":65,"column":1}},"line":63},"4":{"name":"(anonymous_4)","decl":{"start":{"line":67,"column":29},"end":{"line":67,"column":30}},"loc":{"start":{"line":67,"column":49},"end":{"line":108,"column":1}},"line":67},"5":{"name":"(anonymous_5)","decl":{"start":{"line":110,"column":26},"end":{"line":110,"column":27}},"loc":{"start":{"line":110,"column":40},"end":{"line":113,"column":1}},"line":110},"6":{"name":"(anonymous_6)","decl":{"start":{"line":115,"column":28},"end":{"line":115,"column":29}},"loc":{"start":{"line":115,"column":48},"end":{"line":131,"column":1}},"line":115},"7":{"name":"(anonymous_7)","decl":{"start":{"line":133,"column":28},"end":{"line":133,"column":29}},"loc":{"start":{"line":133,"column":47},"end":{"line":136,"column":3}},"line":133}},"branchMap":{"0":{"loc":{"start":{"line":25,"column":4},"end":{"line":27,"column":5}},"type":"if","locations":[{"start":{"line":25,"column":4},"end":{"line":27,"column":5}},{"start":{"line":25,"column":4},"end":{"line":27,"column":5}}],"line":25},"1":{"loc":{"start":{"line":30,"column":5},"end":{"line":32,"column":6}},"type":"if","locations":[{"start":{"line":30,"column":5},"end":{"line":32,"column":6}},{"start":{"line":30,"column":5},"end":{"line":32,"column":6}}],"line":30},"2":{"loc":{"start":{"line":35,"column":4},"end":{"line":40,"column":5}},"type":"if","locations":[{"start":{"line":35,"column":4},"end":{"line":40,"column":5}},{"start":{"line":35,"column":4},"end":{"line":40,"column":5}}],"line":35},"3":{"loc":{"start":{"line":43,"column":4},"end":{"line":49,"column":5}},"type":"if","locations":[{"start":{"line":43,"column":4},"end":{"line":49,"column":5}},{"start":{"line":43,"column":4},"end":{"line":49,"column":5}}],"line":43}},"s":{"0":1,"1":1,"2":1,"3":1,"4":1,"5":9,"6":9,"7":9,"8":4,"9":9,"10":1,"11":9,"12":1,"13":1,"14":1,"15":1,"16":8,"17":0,"18":0,"19":8,"20":1,"21":1,"22":19,"23":1,"24":0,"25":1,"26":3,"27":3,"28":3,"29":0,"30":3,"31":3,"32":1,"33":0,"34":1,"35":25,"36":25,"37":25,"38":19,"39":19,"40":19,"41":6,"42":6,"43":1,"44":1,"45":1},"f":{"0":9,"1":0,"2":19,"3":0,"4":3,"5":0,"6":25,"7":1},"b":{"0":[4,5],"1":[1,8],"2":[1,8],"3":[0,8]},"_coverageSchema":"1a1c01bbd47fc00a2c39e90264f33305004495a9","hash":"7910e72b3cfd7bf40110e4c1891c3ebe99a28f06"}
}
