TN:
SF:app.js
FNF:0
FNH:0
DA:1,1
DA:3,1
DA:4,1
DA:5,1
DA:6,1
DA:8,1
DA:9,1
DA:10,1
DA:11,1
DA:12,1
DA:16,1
DA:21,1
DA:22,1
DA:23,1
DA:26,1
DA:29,1
DA:30,1
DA:32,1
LF:18
LH:18
BRF:0
BRH:0
end_of_record
TN:
SF:Controllers\swagger.js
FNF:0
FNH:0
DA:1,1
DA:2,1
DA:3,1
DA:5,1
DA:6,1
DA:8,1
DA:10,1
DA:27,1
DA:28,1
DA:224,1
LF:10
LH:10
BRF:0
BRH:0
end_of_record
TN:
SF:Controllers\userControllers.js
FNF:0
FNH:0
DA:1,1
DA:2,1
DA:3,1
DA:4,1
DA:5,1
DA:7,1
DA:9,1
DA:11,1
DA:13,1
DA:15,1
DA:17,1
DA:19,1
DA:21,1
LF:13
LH:13
BRF:0
BRH:0
end_of_record
TN:
SF:database\connection.js
FN:11,(anonymous_0)
FN:12,(anonymous_1)
FNF:2
FNH:1
FNDA:1,(anonymous_0)
FNDA:0,(anonymous_1)
DA:1,1
DA:2,1
DA:3,1
DA:6,1
DA:11,1
DA:12,0
LF:6
LH:5
BRF:0
BRH:0
end_of_record
TN:
SF:middleware\auth.js
FN:6,(anonymous_0)
FN:12,(anonymous_1)
FNF:2
FNH:2
FNDA:9,(anonymous_0)
FNDA:5,(anonymous_1)
DA:1,1
DA:2,1
DA:3,1
DA:6,1
DA:8,9
DA:11,9
DA:12,5
DA:13,5
DA:14,1
DA:19,4
DA:24,4
DA:52,1
LF:12
LH:12
BRDA:11,0,0,5
BRDA:11,0,1,4
BRDA:13,1,0,1
BRDA:13,1,1,4
BRF:4
BRH:4
end_of_record
TN:
SF:models\User.js
FN:62,(anonymous_0)
FN:68,(anonymous_1)
FN:75,(anonymous_2)
FNF:3
FNH:2
FNDA:0,(anonymous_0)
FNDA:1,(anonymous_1)
FNDA:25,(anonymous_2)
DA:1,1
DA:4,1
DA:5,1
DA:7,1
DA:62,1
DA:63,0
DA:64,0
DA:68,1
DA:69,1
DA:70,1
DA:71,1
DA:75,1
DA:76,25
DA:79,25
DA:80,21
DA:81,20
DA:82,19
DA:84,1
DA:87,4
DA:92,1
DA:93,1
LF:21
LH:19
BRDA:79,0,0,21
BRDA:79,0,1,4
BRDA:81,1,0,19
BRDA:81,1,1,1
BRF:4
BRH:4
end_of_record
TN:
SF:services\updateService.js
FN:7,(anonymous_0)
FN:11,(anonymous_1)
FN:16,(anonymous_2)
FN:31,(anonymous_3)
FN:35,(anonymous_4)
FN:40,(anonymous_5)
FN:48,(anonymous_6)
FN:52,(anonymous_7)
FN:73,(anonymous_8)
FN:78,(anonymous_9)
FNF:10
FNH:7
FNDA:1,(anonymous_0)
FNDA:1,(anonymous_1)
FNDA:0,(anonymous_2)
FNDA:1,(anonymous_3)
FNDA:1,(anonymous_4)
FNDA:0,(anonymous_5)
FNDA:1,(anonymous_6)
FNDA:1,(anonymous_7)
FNDA:1,(anonymous_8)
FNDA:0,(anonymous_9)
DA:1,1
DA:2,1
DA:3,1
DA:7,1
DA:8,1
DA:9,1
DA:10,1
DA:12,1
DA:17,0
DA:18,0
DA:23,0
DA:24,0
DA:31,1
DA:32,1
DA:36,1
DA:41,0
DA:48,1
DA:49,1
DA:50,1
DA:51,1
DA:52,1
DA:53,1
DA:54,0
DA:58,1
DA:74,1
DA:79,0
DA:80,0
DA:88,0
LF:28
LH:19
BRDA:53,0,0,0
BRDA:53,0,1,1
BRF:2
BRH:1
end_of_record
TN:
SF:services\userService.js
FN:8,(anonymous_0)
FN:44,(anonymous_1)
FN:55,(anonymous_2)
FN:63,(anonymous_3)
FN:67,(anonymous_4)
FN:110,(anonymous_5)
FN:115,(anonymous_6)
FN:133,(anonymous_7)
FNF:8
FNH:5
FNDA:9,(anonymous_0)
FNDA:0,(anonymous_1)
FNDA:19,(anonymous_2)
FNDA:0,(anonymous_3)
FNDA:3,(anonymous_4)
FNDA:0,(anonymous_5)
FNDA:25,(anonymous_6)
FNDA:1,(anonymous_7)
DA:1,1
DA:2,1
DA:3,1
DA:4,1
DA:8,1
DA:9,9
DA:10,9
DA:25,9
DA:26,4
DA:30,9
DA:31,1
DA:35,9
DA:36,1
DA:37,1
DA:38,1
DA:39,1
DA:43,8
DA:44,0
DA:47,0
DA:51,8
DA:54,1
DA:55,1
DA:56,19
DA:63,1
DA:64,0
DA:67,1
DA:80,3
DA:82,3
DA:83,3
DA:98,0
DA:103,3
DA:104,3
DA:110,1
DA:112,0
DA:115,1
DA:119,25
DA:121,25
DA:122,25
DA:123,19
DA:124,19
DA:125,19
DA:128,6
DA:129,6
DA:133,1
DA:134,1
DA:135,1
LF:46
LH:41
BRDA:25,0,0,4
BRDA:25,0,1,5
BRDA:30,1,0,1
BRDA:30,1,1,8
BRDA:35,2,0,1
BRDA:35,2,1,8
BRDA:43,3,0,0
BRDA:43,3,1,8
BRF:8
BRH:7
end_of_record
