{"C:\\BankSystem\\BankSystem\\api-gateway\\server.js": {"path":"C:\\BankSystem\\BankSystem\\api-gateway\\server.js","statementMap":{"0":{"start":{"line":1,"column":14},"end":{"line":1,"column":37}},"1":{"start":{"line":4,"column":16},"end":{"line":4,"column":34}},"2":{"start":{"line":5,"column":12},"end":{"line":5,"column":21}},"3":{"start":{"line":7,"column":11},"end":{"line":7,"column":15}},"4":{"start":{"line":28,"column":13},"end":{"line":41,"column":2}},"5":{"start":{"line":47,"column":0},"end":{"line":49,"column":2}},"6":{"start":{"line":48,"column":4},"end":{"line":48,"column":49}},"7":{"start":{"line":54,"column":0},"end":{"line":54,"column":22}}},"fnMap":{"0":{"name":"(anonymous_0)","decl":{"start":{"line":47,"column":24},"end":{"line":47,"column":25}},"loc":{"start":{"line":47,"column":32},"end":{"line":49,"column":1}},"line":47}},"branchMap":{},"s":{"0":1,"1":1,"2":1,"3":1,"4":1,"5":1,"6":1,"7":1},"f":{"0":1},"b":{},"_coverageSchema":"1a1c01bbd47fc00a2c39e90264f33305004495a9","hash":"bd64e0989a8389f96952ecfb7610376433fc38f0"}
}
